1633993610980	geckodriver	INFO	Listening on 127.0.0.1:49845
1633993614046	mozrunner::runner	INFO	Running command: "C:\\Program Files\\Mozilla Firefox\\firefox.exe" "--marionette" "-no-remote" "-profile" "C:\\Users\\Furka\\AppData\\Local\\Temp\\rust_mozprofileAeaE6w"
1633993614477	Marionette	INFO	Marionette enabled
console.warn: SearchSettings: "get: No settings file exists, new profile?" (new NotFoundError("Could not open the file at C:\\Users\\Furka\\AppData\\Local\\Temp\\rust_mozprofileAeaE6w\\search.json.mozlz4", (void 0)))
1633993616359	Marionette	INFO	Listening on port 49853
1633993616685	RemoteAgent	WARN	TLS certificate errors will be ignored for this session
1633993697923	Marionette	INFO	Stopped listening on port 49853
JavaScript error: resource:///modules/Interactions.jsm, line 201: NS_ERROR_FAILURE: Component returned failure code: 0x80004005 (NS_ERROR_FAILURE) [nsIUserIdleService.removeIdleObserver]

###!!! [Parent][RunMessage] Error: Channel closing: too late to send/recv, messages will be lost

1633993783104	geckodriver	INFO	Listening on 127.0.0.1:49920
1633993786180	mozrunner::runner	INFO	Running command: "C:\\Program Files\\Mozilla Firefox\\firefox.exe" "--marionette" "-no-remote" "-profile" "C:\\Users\\Furka\\AppData\\Local\\Temp\\rust_mozprofilejUsLNw"
1633993786617	Marionette	INFO	Marionette enabled
console.warn: SearchSettings: "get: No settings file exists, new profile?" (new NotFoundError("Could not open the file at C:\\Users\\Furka\\AppData\\Local\\Temp\\rust_mozprofilejUsLNw\\search.json.mozlz4", (void 0)))
1633993788371	Marionette	INFO	Listening on port 49929
1633993788835	RemoteAgent	WARN	TLS certificate errors will be ignored for this session
[Child 1964, MediaDecoderStateMachine #1] WARNING: 14c2f660c80 Could not set cubeb stream name.: file /builds/worker/checkouts/gecko/dom/media/AudioStream.cpp:367
[Child 1964, MediaDecoderStateMachine #1] WARNING: 14c3020af20 Could not set cubeb stream name.: file /builds/worker/checkouts/gecko/dom/media/AudioStream.cpp:367
[Child 1964, MediaDecoderStateMachine #1] WARNING: 14c36872200 Could not set cubeb stream name.: file /builds/worker/checkouts/gecko/dom/media/AudioStream.cpp:367
[Child 1964, MediaDecoderStateMachine #1] WARNING: 14c347cbd60 Could not set cubeb stream name.: file /builds/worker/checkouts/gecko/dom/media/AudioStream.cpp:367
[Child 1964, MediaDecoderStateMachine #1] WARNING: 14c36ed23c0 Could not set cubeb stream name.: file /builds/worker/checkouts/gecko/dom/media/AudioStream.cpp:367
[Child 1964, MediaDecoderStateMachine #1] WARNING: 14c3fb6bba0 Could not set cubeb stream name.: file /builds/worker/checkouts/gecko/dom/media/AudioStream.cpp:367
1633994185194	Marionette	INFO	Stopped listening on port 49929
JavaScript error: resource:///modules/Interactions.jsm, line 201: NS_ERROR_FAILURE: Component returned failure code: 0x80004005 (NS_ERROR_FAILURE) [nsIUserIdleService.removeIdleObserver]

###!!! [Parent][RunMessage] Error: Channel closing: too late to send/recv, messages will be lost

1633995080953	geckodriver	INFO	Listening on 127.0.0.1:53606
1633995084050	mozrunner::runner	INFO	Running command: "C:\\Program Files\\Mozilla Firefox\\firefox.exe" "--marionette" "-no-remote" "-profile" "C:\\Users\\Furka\\AppData\\Local\\Temp\\rust_mozprofiletAkt4p"
1633995084479	Marionette	INFO	Marionette enabled
console.warn: SearchSettings: "get: No settings file exists, new profile?" (new NotFoundError("Could not open the file at C:\\Users\\Furka\\AppData\\Local\\Temp\\rust_mozprofiletAkt4p\\search.json.mozlz4", (void 0)))
1633995086322	Marionette	INFO	Listening on port 53616
1633995086500	Marionette	INFO	Stopped listening on port 53616
JavaScript error: resource:///modules/Interactions.jsm, line 201: NS_ERROR_FAILURE: Component returned failure code: 0x80004005 (NS_ERROR_FAILURE) [nsIUserIdleService.removeIdleObserver]
console.warn: services.settings: main/query-stripping sync interrupted by shutdown
console.warn: TopSitesFeed: Failed to fetch data from Contile server: NetworkError when attempting to fetch resource.
console.error: Region.jsm: "Error fetching region" (new TypeError("NetworkError when attempting to fetch resource.", ""))
console.error: Region.jsm: "Failed to fetch region" (new Error("NO_RESULT", "resource://gre/modules/Region.jsm", 419))
1633995112455	geckodriver	INFO	Listening on 127.0.0.1:53639
1633995115541	mozrunner::runner	INFO	Running command: "C:\\Program Files\\Mozilla Firefox\\firefox.exe" "--marionette" "-no-remote" "-profile" "C:\\Users\\Furka\\AppData\\Local\\Temp\\rust_mozprofileFzVh2P"
1633995115953	Marionette	INFO	Marionette enabled
console.warn: SearchSettings: "get: No settings file exists, new profile?" (new NotFoundError("Could not open the file at C:\\Users\\Furka\\AppData\\Local\\Temp\\rust_mozprofileFzVh2P\\search.json.mozlz4", (void 0)))
1633995118074	Marionette	INFO	Listening on port 53647
1633995118189	RemoteAgent	WARN	TLS certificate errors will be ignored for this session
1633995133580	Marionette	INFO	Stopped listening on port 53647
JavaScript error: resource:///modules/Interactions.jsm, line 201: NS_ERROR_FAILURE: Component returned failure code: 0x80004005 (NS_ERROR_FAILURE) [nsIUserIdleService.removeIdleObserver]
console.warn: TopSitesFeed: Failed to fetch data from Contile server: NetworkError when attempting to fetch resource.
JavaScript error: chrome://remote/content/marionette/cert.js, line 55: NS_ERROR_NOT_AVAILABLE: Component returned failure code: 0x80040111 (NS_ERROR_NOT_AVAILABLE) [nsICertOverrideService.setDisableAllSecurityChecksAndLetAttackersInterceptMyData]

###!!! [Parent][RunMessage] Error: Channel closing: too late to send/recv, messages will be lost

1633995156540	geckodriver	INFO	Listening on 127.0.0.1:50151
1633995159616	mozrunner::runner	INFO	Running command: "C:\\Program Files\\Mozilla Firefox\\firefox.exe" "--marionette" "-no-remote" "-profile" "C:\\Users\\Furka\\AppData\\Local\\Temp\\rust_mozprofile3AfqVH"
1633995160021	Marionette	INFO	Marionette enabled
console.warn: SearchSettings: "get: No settings file exists, new profile?" (new NotFoundError("Could not open the file at C:\\Users\\Furka\\AppData\\Local\\Temp\\rust_mozprofile3AfqVH\\search.json.mozlz4", (void 0)))
1633995161760	Marionette	INFO	Listening on port 50159
1633995162275	RemoteAgent	WARN	TLS certificate errors will be ignored for this session
JavaScript error: https://abs.twimg.com/responsive-web/client-web/main.fd25d125.js, line 1: Error: ApiError: https://twitter.com/i/api/1.1/account/settings.json HTTP-403 codes:[353] trace_ids:[null]
JavaScript error: https://abs.twimg.com/responsive-web/client-web/main.fd25d125.js, line 1: Error: ApiError: https://twitter.com/i/api/fleets/v1/avatar_content HTTP-0 codes:[1004] trace_ids:[null]
1633995273600	Marionette	INFO	Stopped listening on port 50159
JavaScript error: resource:///modules/Interactions.jsm, line 201: NS_ERROR_FAILURE: Component returned failure code: 0x80004005 (NS_ERROR_FAILURE) [nsIUserIdleService.removeIdleObserver]
console.warn: TopSitesFeed: Failed to fetch data from Contile server: NetworkError when attempting to fetch resource.
JavaScript error: chrome://remote/content/marionette/cert.js, line 55: NS_ERROR_NOT_AVAILABLE: Component returned failure code: 0x80040111 (NS_ERROR_NOT_AVAILABLE) [nsICertOverrideService.setDisableAllSecurityChecksAndLetAttackersInterceptMyData]

###!!! [Parent][RunMessage] Error: Channel closing: too late to send/recv, messages will be lost

